<?xml version="1.0" encoding="UTF-8"?>
<testsuite xmlns:xsi="http://www.w3.org/2001/XMLSchema-instance" xsi:schemaLocation="https://maven.apache.org/surefire/maven-surefire-plugin/xsd/surefire-test-report.xsd" name="com.gomeplus.modifyjsonp.JsonImgConvertTest" time="0.842" tests="5" errors="0" skipped="0" failures="0">
  <properties>
    <property name="idea.version" value="2016.3"/>
    <property name="java.runtime.name" value="Java(TM) SE Runtime Environment"/>
    <property name="sun.boot.library.path" value="D:\Program Files (x86)\java8\jre\bin"/>
    <property name="java.vm.version" value="25.91-b14"/>
    <property name="java.vm.vendor" value="Oracle Corporation"/>
    <property name="java.vendor.url" value="http://java.oracle.com/"/>
    <property name="path.separator" value=";"/>
    <property name="guice.disable.misplaced.annotation.check" value="true"/>
    <property name="java.vm.name" value="Java HotSpot(TM) 64-Bit Server VM"/>
    <property name="file.encoding.pkg" value="sun.io"/>
    <property name="idea.launcher.port" value="7533"/>
    <property name="user.script" value=""/>
    <property name="user.country" value="CN"/>
    <property name="sun.java.launcher" value="SUN_STANDARD"/>
    <property name="sun.os.patch.level" value="Service Pack 1"/>
    <property name="java.vm.specification.name" value="Java Virtual Machine Specification"/>
    <property name="user.dir" value="E:\gomeo2o_pro\http-modifyjsonp-server\trunk"/>
    <property name="java.runtime.version" value="1.8.0_91-b14"/>
    <property name="java.awt.graphicsenv" value="sun.awt.Win32GraphicsEnvironment"/>
    <property name="java.endorsed.dirs" value="D:\Program Files (x86)\java8\jre\lib\endorsed"/>
    <property name="os.arch" value="amd64"/>
    <property name="java.io.tmpdir" value="C:\Users\WANGCH~1\AppData\Local\Temp\"/>
    <property name="line.separator" value="&#10;"/>
    <property name="java.vm.specification.vendor" value="Oracle Corporation"/>
    <property name="user.variant" value=""/>
    <property name="os.name" value="Windows 7"/>
    <property name="net.sourceforge.cobertura.datafile" value="E:\gomeo2o_pro\http-modifyjsonp-server\trunk\target\cobertura\cobertura.ser"/>
    <property name="classworlds.conf" value="D:\Program Files\apache-maven-3.0.5\bin\m2.conf"/>
    <property name="sun.jnu.encoding" value="GBK"/>
    <property name="java.library.path" value="D:\Program Files (x86)\java8\bin;C:\Windows\Sun\Java\bin;C:\Windows\system32;C:\Windows;C:\ProgramData\Oracle\Java\javapath;D:\Python2711\;D:\Python2711\Scripts;C:\Windows\system32;C:\Windows;C:\Windows\System32\Wbem;C:\Windows\System32\WindowsPowerShell\v1.0\;D:\Program Files (x86)\Subversion\bin;D:\Program Files\MySQL\MySQL Server 5.5\bin;D:\Program Files (x86)\UltraEdit;C:\Program Files\IDM Computer Solutions\UltraCompare;D:\Program Files (x86)\java8\bin;D:\Program Files\apache-maven-3.0.5\bin;C:\Program Files\TortoiseSVN\bin;D:\Program Files\gradle-2.14\bin;D:\Python2711\Scripts;D:\Program Files\TortoiseGit\bin;D:\Program Files\Git\cmd;D:\Program Files (x86)\scala\bin;D:\Program Files (x86)\scala\jre\bin;D:\Program Files\nodejs\;D:\Python2711;D:\Python2711\Scripts;D:\python3\Scripts\;D:\python3\;D:\Program Files (x86)\java8\bin;D:\Program Files (x86)\Subversion\bin;D:\Program Files\apache-maven-3.0.5\bin;C:\Ruby21\bin;C:\Ruby21\nodejs;;."/>
    <property name="java.specification.name" value="Java Platform API Specification"/>
    <property name="java.class.version" value="52.0"/>
    <property name="sun.management.compiler" value="HotSpot 64-Bit Tiered Compilers"/>
    <property name="maven.repo.local" value="D:\maven-localRepository"/>
    <property name="os.version" value="6.1"/>
    <property name="user.home" value="C:\Users\wangchangye"/>
    <property name="user.timezone" value="Asia/Shanghai"/>
    <property name="java.awt.printerjob" value="sun.awt.windows.WPrinterJob"/>
    <property name="java.specification.version" value="1.8"/>
    <property name="idea.launcher.bin.path" value="D:\Program Files (x86)\JetBrains\IntelliJ IDEA 2016.3\bin"/>
    <property name="file.encoding" value="UTF-8"/>
    <property name="user.name" value="wangchangye"/>
    <property name="java.class.path" value="D:\Program Files\apache-maven-3.0.5\boot\plexus-classworlds-2.4.jar;D:\Program Files (x86)\JetBrains\IntelliJ IDEA 2016.3\lib\idea_rt.jar"/>
    <property name="java.vm.specification.version" value="1.8"/>
    <property name="sun.arch.data.model" value="64"/>
    <property name="java.home" value="D:\Program Files (x86)\java8\jre"/>
    <property name="sun.java.command" value="com.intellij.rt.execution.application.AppMain org.codehaus.classworlds.Launcher -Didea.version=2016.3 -s D:\maven-localRepository\settings.xml -Dmaven.repo.local=D:\maven-localRepository cobertura:cobertura"/>
    <property name="java.specification.vendor" value="Oracle Corporation"/>
    <property name="user.language" value="zh"/>
    <property name="awt.toolkit" value="sun.awt.windows.WToolkit"/>
    <property name="java.vm.info" value="mixed mode"/>
    <property name="java.version" value="1.8.0_91"/>
    <property name="java.ext.dirs" value="D:\Program Files (x86)\java8\jre\lib\ext;C:\Windows\Sun\Java\lib\ext"/>
    <property name="sun.boot.class.path" value="D:\Program Files (x86)\java8\jre\lib\resources.jar;D:\Program Files (x86)\java8\jre\lib\rt.jar;D:\Program Files (x86)\java8\jre\lib\sunrsasign.jar;D:\Program Files (x86)\java8\jre\lib\jsse.jar;D:\Program Files (x86)\java8\jre\lib\jce.jar;D:\Program Files (x86)\java8\jre\lib\charsets.jar;D:\Program Files (x86)\java8\jre\lib\jfr.jar;D:\Program Files (x86)\java8\jre\classes"/>
    <property name="java.vendor" value="Oracle Corporation"/>
    <property name="maven.home" value="D:\Program Files\apache-maven-3.0.5"/>
    <property name="file.separator" value="\"/>
    <property name="java.vendor.url.bug" value="http://bugreport.sun.com/bugreport/"/>
    <property name="sun.cpu.endian" value="little"/>
    <property name="sun.io.unicode.encoding" value="UnicodeLittle"/>
    <property name="project.build.outputDirectory" value="E:\gomeo2o_pro\http-modifyjsonp-server\trunk\target\generated-classes\cobertura"/>
    <property name="sun.desktop" value="windows"/>
    <property name="sun.cpu.isalist" value="amd64"/>
  </properties>
  <testcase name="testAssertEqual1" classname="com.gomeplus.modifyjsonp.JsonImgConvertTest" time="0.835"/>
  <testcase name="testAssertTotalEquals" classname="com.gomeplus.modifyjsonp.JsonImgConvertTest" time="0.836"/>
  <testcase name="testAssertEqual2" classname="com.gomeplus.modifyjsonp.JsonImgConvertTest" time="0.839"/>
  <testcase name="testAssertEqual3" classname="com.gomeplus.modifyjsonp.JsonImgConvertTest" time="0.825"/>
  <testcase name="testAssertEqual0" classname="com.gomeplus.modifyjsonp.JsonImgConvertTest" time="0.836"/>
</testsuite>